-------------------------------------------------------------------------------
Test set: com.edson_pimentel_joyce_pereira.bolao.BolaoApplicationTests
-------------------------------------------------------------------------------
Tests run: 1, Failures: 0, Errors: 1, Skipped: 0, Time elapsed: 1.346 s <<< FAILURE! - in com.edson_pimentel_joyce_pereira.bolao.BolaoApplicationTests
contextLoads  Time elapsed: 0.005 s  <<< ERROR!
java.lang.IllegalStateException: Failed to load ApplicationContext
Caused by: org.springframework.beans.factory.BeanCreationException: Error creating bean with name 'entityManagerFactory' defined in class path resource [org/springframework/boot/autoconfigure/orm/jpa/HibernateJpaConfiguration.class]: Invocation of init method failed; nested exception is org.hibernate.AnnotationException: @Column(s) not allowed on a @ManyToOne property: com.edson_pimentel_joyce_pereira.bolao.model.ApostaModel.rodada
Caused by: org.hibernate.AnnotationException: @Column(s) not allowed on a @ManyToOne property: com.edson_pimentel_joyce_pereira.bolao.model.ApostaModel.rodada

